Vivado Simulator v2022.2
Copyright 1986-1999, 2001-2022 Xilinx, Inc. All Rights Reserved.
Running: C:/Xilinx/Vivado/2022.2/bin/unwrapped/win64.o/xelab.exe --incr --debug typical --relax --mt 2 -L xil_defaultlib -L unisims_ver -L unimacro_ver -L secureip --snapshot tb_vga_behav xil_defaultlib.tb_vga xil_defaultlib.glbl -log elaborate.log 
Using 2 slave threads.
Starting static elaboration
Pass Through NonSizing Optimizer
Completed static elaboration
Starting simulation data flow analysis
WARNING: [XSIM 43-4100] "C:/Users/sunda/Desktop/haman/verilog/vga/vga.sim/sim_1/behav/xsim/glbl.v" Line 6. Module glbl has a timescale but at least one module in design doesn't have timescale.
WARNING: [XSIM 43-4100] "C:/Users/sunda/Desktop/haman/verilog/vga/vga.sim/sim_1/behav/xsim/glbl.v" Line 6. Module glbl has a timescale but at least one module in design doesn't have timescale.
Completed simulation data flow analysis
Time Resolution for simulation is 1ps
Compiling module xil_defaultlib.edge_detector_n
Compiling module xil_defaultlib.clock_div_4
Compiling module xil_defaultlib.h_sync
Compiling module xil_defaultlib.v_sync
Compiling module xil_defaultlib.vga_test_ver_3
Compiling module xil_defaultlib.tb_vga
Compiling module xil_defaultlib.glbl
Built simulation snapshot tb_vga_behav
